<?xml version="1.0" encoding="UTF-8" ?>
<testsuite tests="5" failures="0" name="runner.TestRunner" time="30.87" errors="0" skipped="0">
  <properties>
[...]
</properties>
  <testcase classname="Feature to test OAuth 2.0 Authentication" name="Title of your scenario" time="19.279"/>
  <testcase classname="Validate Place APIs feature" name="Add Place using AddPlaceAPI" time="1.261"/>
  <testcase classname="Validate Place APIs feature" name="Verify Response using getPlaceAPI" time="3.09"/>
  <testcase classname="Validate Place APIs feature" name="Update Place using UpdatePlaceAPI" time="4.677"/>
  <testcase classname="Validate Place APIs feature" name="Delete Place using DeletePlaceAPI" time="2.563"/>
</testsuite>